0 verbose cli C:\Program Files\nodejs\node.exe C:\Users\reddr\AppData\Roaming\npm\node_modules\npm\bin\npm-cli.js
1 info using npm@8.18.0
2 info using node@v20.10.0
3 timing npm:load:whichnode Completed in 1ms
4 timing config:load:defaults Completed in 4ms
5 timing config:load:file:C:\Users\reddr\AppData\Roaming\npm\node_modules\npm\npmrc Completed in 24ms
6 timing config:load:builtin Completed in 25ms
7 timing config:load:cli Completed in 5ms
8 timing config:load:env Completed in 1ms
9 timing config:load:file:d:\Projects\tkd-app\.npmrc Completed in 0ms
10 timing config:load:project Completed in 5ms
11 timing config:load:file:C:\Users\reddr\.npmrc Completed in 1ms
0 verbose cli C:\Program Files\nodejs\node.exe C:\Users\reddr\AppData\Roaming\npm\node_modules\npm\bin\npm-cli.js
12 timing config:load:user Completed in 2ms
13 timing config:load:file:C:\Users\reddr\AppData\Roaming\npm\etc\npmrc Completed in 2ms
14 timing config:load:global Completed in 2ms
1 info using npm@8.18.0
15 timing config:load:validate Completed in 1ms
2 info using node@v20.10.0
16 timing config:load:credentials Completed in 2ms
3 timing npm:load:whichnode Completed in 0ms
17 timing config:load:setEnvs Completed in 2ms
4 timing config:load:defaults Completed in 4ms
5 timing config:load:file:C:\Users\reddr\AppData\Roaming\npm\node_modules\npm\npmrc Completed in 27ms
6 timing config:load:builtin Completed in 28ms
7 timing config:load:cli Completed in 5ms
18 timing config:load Completed in 51ms
8 timing config:load:env Completed in 1ms
19 timing npm:load:configload Completed in 52ms
9 timing config:load:file:d:\Projects\tkd-app\.npmrc Completed in 1ms
20 timing npm:load:mkdirpcache Completed in 3ms
21 timing npm:load:mkdirplogs Completed in 1ms
10 timing config:load:project Completed in 5ms
22 verbose title npm view react-admin description dist-tags.latest homepage version time
23 verbose argv "view" "--json" "--" "react-admin" "description" "dist-tags.latest" "homepage" "version" "time"
24 timing npm:load:setTitle Completed in 2ms
25 timing config:load:flatten Completed in 8ms
26 timing npm:load:display Completed in 11ms
27 verbose logfile logs-max:10 dir:D:\Projects\tkd-app\Libs\_logs
11 timing config:load:file:C:\Users\reddr\.npmrc Completed in 0ms
12 timing config:load:user Completed in 2ms
13 timing config:load:file:C:\Users\reddr\AppData\Roaming\npm\etc\npmrc Completed in 2ms
14 timing config:load:global Completed in 2ms
15 timing config:load:validate Completed in 1ms
16 timing config:load:credentials Completed in 3ms
17 timing config:load:setEnvs Completed in 3ms
18 timing config:load Completed in 55ms
19 timing npm:load:configload Completed in 55ms
20 timing npm:load:mkdirpcache Completed in 3ms
21 timing npm:load:mkdirplogs Completed in 1ms
22 verbose title npm view react-admin description dist-tags.latest homepage version time
23 verbose argv "view" "--json" "--" "react-admin" "description" "dist-tags.latest" "homepage" "version" "time"
24 timing npm:load:setTitle Completed in 3ms
25 timing config:load:flatten Completed in 8ms
26 timing npm:load:display Completed in 11ms
27 verbose logfile logs-max:10 dir:D:\Projects\tkd-app\Libs\_logs
28 verbose logfile D:\Projects\tkd-app\Libs\_logs\2024-08-05T13_56_43_979Z-debug-0.log
29 timing npm:load:logFile Completed in 15ms
30 timing npm:load:timers Completed in 1ms
31 timing npm:load:configScope Completed in 0ms
32 timing npm:load Completed in 88ms
28 verbose logfile D:\Projects\tkd-app\Libs\_logs\2024-08-05T13_56_43_979Z-debug-0.log
29 timing npm:load:logFile Completed in 14ms
30 timing npm:load:timers Completed in 0ms
31 timing npm:load:configScope Completed in 0ms
32 timing npm:load Completed in 90ms
33 silly logfile done cleaning log files
33 silly logfile done cleaning log files
34 http fetch GET 200 https://registry.npmjs.org/npm 610ms (cache miss)
34 http fetch GET 200 https://registry.npmjs.org/npm 615ms (cache miss)
35 http fetch GET 200 https://registry.npmjs.org/react-admin 803ms (cache miss)
35 http fetch GET 200 https://registry.npmjs.org/react-admin 828ms (cache miss)
36 timing command:view Completed in 880ms
37 notice
37 notice New major version of npm available! 8.18.0 -> 10.8.2
37 notice Changelog: <https://github.com/npm/cli/releases/tag/v10.8.2>
37 notice Run `npm install -g npm@10.8.2` to update!
37 notice
38 verbose exit 0
39 timing npm Completed in 1057ms
40 info ok
36 timing command:view Completed in 896ms
37 notice
37 notice New major version of npm available! 8.18.0 -> 10.8.2
37 notice Changelog: <https://github.com/npm/cli/releases/tag/v10.8.2>
37 notice Run `npm install -g npm@10.8.2` to update!
37 notice
38 verbose exit 0
39 timing npm Completed in 1071ms
40 info ok
