0 verbose cli C:\Program Files\nodejs\node.exe C:\Users\reddr\AppData\Roaming\npm\node_modules\npm\bin\npm-cli.js
1 info using npm@8.18.0
2 info using node@v20.10.0
3 timing npm:load:whichnode Completed in 1ms
4 timing config:load:defaults Completed in 4ms
5 timing config:load:file:C:\Users\reddr\AppData\Roaming\npm\node_modules\npm\npmrc Completed in 10ms
6 timing config:load:builtin Completed in 10ms
7 timing config:load:cli Completed in 5ms
8 timing config:load:env Completed in 2ms
9 timing config:load:file:D:\Projects\tkd-app\.npmrc Completed in 1ms
10 timing config:load:project Completed in 12ms
11 timing config:load:file:C:\Users\reddr\.npmrc Completed in 0ms
12 timing config:load:user Completed in 1ms
13 timing config:load:file:C:\Users\reddr\AppData\Roaming\npm\etc\npmrc Completed in 2ms
14 timing config:load:global Completed in 2ms
15 timing config:load:validate Completed in 2ms
16 timing config:load:credentials Completed in 2ms
17 timing config:load:setEnvs Completed in 2ms
18 timing config:load Completed in 42ms
19 timing npm:load:configload Completed in 42ms
20 timing npm:load:mkdirpcache Completed in 3ms
21 timing npm:load:mkdirplogs Completed in 1ms
22 verbose title npm run build
23 verbose argv "run" "build"
24 timing npm:load:setTitle Completed in 2ms
25 timing config:load:flatten Completed in 8ms
26 timing npm:load:display Completed in 12ms
27 verbose logfile logs-max:10 dir:D:\Projects\tkd-app\Libs\_logs
28 verbose logfile D:\Projects\tkd-app\Libs\_logs\2024-08-05T14_03_00_923Z-debug-0.log
29 timing npm:load:logFile Completed in 23ms
30 timing npm:load:timers Completed in 0ms
31 timing npm:load:configScope Completed in 1ms
32 timing npm:load Completed in 88ms
33 silly logfile done cleaning log files
34 timing command:run Completed in 57809ms
35 verbose exit 1
36 timing npm Completed in 57936ms
37 verbose code 1
